<?xml version="1.0" encoding="UTF-8"?>
<!-- Generated by org.testng.reporters.JUnitReportReporter -->
<testsuite hostname="lenovo" name="tests.DigitalTronsTestCase" tests="1" failures="0" timestamp="17 Apr 2019 10:48:33 GMT" time="68.483" errors="0">
  <testcase name="runTests" time="68.483" classname="tests.DigitalTronsTestCase"/>
</testsuite> <!-- tests.DigitalTronsTestCase -->
